<?xml version="1.0" encoding="UTF-8"?>
<testsuite name="ru.stqa.pft.addressbook.tests.ContactCreationTests" tests="3" skipped="0" failures="0" errors="0" timestamp="2019-01-13T22:18:53" hostname="ASUS-A55V" time="89.859">
  <properties/>
  <testcase name="testContactCreation[0](ContactData{id=2147483647, firstname='#0 First name AutoGenerated', secondname='#0 Last name AutoGenerated'})" classname="ru.stqa.pft.addressbook.tests.ContactCreationTests" time="21.55"/>
  <testcase name="testContactCreation[1](ContactData{id=2147483647, firstname='#1 First name AutoGenerated', secondname='#1 Last name AutoGenerated'})" classname="ru.stqa.pft.addressbook.tests.ContactCreationTests" time="27.881"/>
  <testcase name="testContactCreation[2](ContactData{id=2147483647, firstname='#2 First name AutoGenerated', secondname='#2 Last name AutoGenerated'})" classname="ru.stqa.pft.addressbook.tests.ContactCreationTests" time="40.426"/>
  <system-out><![CDATA[]]></system-out>
  <system-err><![CDATA[1547417943462	Marionette	DEBUG	Received DOM event "beforeunload" for "http://localhost/addressbook/"
1547417943497	Marionette	DEBUG	Received DOM event "pagehide" for "http://localhost/addressbook/"
1547417943500	Marionette	DEBUG	Received DOM event "unload" for "http://localhost/addressbook/"
1547417943590	Marionette	DEBUG	Received DOM event "DOMContentLoaded" for "http://localhost/addressbook/edit.php"
1547417943594	Marionette	DEBUG	Received DOM event "pageshow" for "http://localhost/addressbook/edit.php"
1547417943857	Marionette	DEBUG	Canceled page load listener because no navigation has been detected
1547417944183	Marionette	DEBUG	Canceled page load listener because no navigation has been detected
1547417944591	Marionette	DEBUG	Canceled page load listener because no navigation has been detected
1547417944622	Marionette	DEBUG	Received DOM event "beforeunload" for "http://localhost/addressbook/edit.php"
1547417944682	Marionette	DEBUG	Received DOM event "pagehide" for "http://localhost/addressbook/edit.php"
1547417944684	Marionette	DEBUG	Received DOM event "unload" for "http://localhost/addressbook/edit.php"
1547417944694	Marionette	DEBUG	Received DOM event "DOMContentLoaded" for "http://localhost/addressbook/edit.php"
1547417944716	Marionette	DEBUG	Received DOM event "pageshow" for "http://localhost/addressbook/edit.php"
1547417944777	Marionette	DEBUG	Received DOM event "beforeunload" for "http://localhost/addressbook/edit.php"
1547417944825	Marionette	DEBUG	Received DOM event "pagehide" for "http://localhost/addressbook/edit.php"
1547417944826	Marionette	DEBUG	Received DOM event "unload" for "http://localhost/addressbook/edit.php"
1547417944901	Marionette	DEBUG	Received DOM event "DOMContentLoaded" for "http://localhost/addressbook/"
1547417944943	Marionette	DEBUG	Received DOM event "pageshow" for "http://localhost/addressbook/"
1547417965129	Marionette	DEBUG	Received DOM event "beforeunload" for "http://localhost/addressbook/"
1547417965164	Marionette	DEBUG	Received DOM event "pagehide" for "http://localhost/addressbook/"
1547417965166	Marionette	DEBUG	Received DOM event "unload" for "http://localhost/addressbook/"
1547417965221	Marionette	DEBUG	Received DOM event "DOMContentLoaded" for "http://localhost/addressbook/edit.php"
1547417965223	Marionette	DEBUG	Received DOM event "pageshow" for "http://localhost/addressbook/edit.php"
1547417965503	Marionette	DEBUG	Canceled page load listener because no navigation has been detected
1547417965878	Marionette	DEBUG	Canceled page load listener because no navigation has been detected
1547417966791	Marionette	DEBUG	Canceled page load listener because no navigation has been detected
1547417966881	Marionette	DEBUG	Received DOM event "beforeunload" for "http://localhost/addressbook/edit.php"
1547417967020	Marionette	DEBUG	Received DOM event "pagehide" for "http://localhost/addressbook/edit.php"
1547417967021	Marionette	DEBUG	Received DOM event "unload" for "http://localhost/addressbook/edit.php"
1547417967033	Marionette	DEBUG	Received DOM event "DOMContentLoaded" for "http://localhost/addressbook/edit.php"
1547417967063	Marionette	DEBUG	Received DOM event "pageshow" for "http://localhost/addressbook/edit.php"
1547417967140	Marionette	DEBUG	Received DOM event "beforeunload" for "http://localhost/addressbook/edit.php"
1547417967197	Marionette	DEBUG	Received DOM event "pagehide" for "http://localhost/addressbook/edit.php"
1547417967198	Marionette	DEBUG	Received DOM event "unload" for "http://localhost/addressbook/edit.php"
1547417967319	Marionette	DEBUG	Received DOM event "DOMContentLoaded" for "http://localhost/addressbook/"
1547417967347	Marionette	DEBUG	Received DOM event "pageshow" for "http://localhost/addressbook/"
1547417998122	Marionette	DEBUG	Received DOM event "beforeunload" for "http://localhost/addressbook/"
1547417998156	Marionette	DEBUG	Received DOM event "pagehide" for "http://localhost/addressbook/"
1547417998159	Marionette	DEBUG	Received DOM event "unload" for "http://localhost/addressbook/"
1547417998220	Marionette	DEBUG	Received DOM event "DOMContentLoaded" for "http://localhost/addressbook/edit.php"
1547417998223	Marionette	DEBUG	Received DOM event "pageshow" for "http://localhost/addressbook/edit.php"
1547417998500	Marionette	DEBUG	Canceled page load listener because no navigation has been detected
1547417998819	Marionette	DEBUG	Canceled page load listener because no navigation has been detected
1547417999222	Marionette	DEBUG	Canceled page load listener because no navigation has been detected
1547417999252	Marionette	DEBUG	Received DOM event "beforeunload" for "http://localhost/addressbook/edit.php"
1547417999309	Marionette	DEBUG	Received DOM event "pagehide" for "http://localhost/addressbook/edit.php"
1547417999310	Marionette	DEBUG	Received DOM event "unload" for "http://localhost/addressbook/edit.php"
1547417999321	Marionette	DEBUG	Received DOM event "DOMContentLoaded" for "http://localhost/addressbook/edit.php"
1547417999333	Marionette	DEBUG	Received DOM event "pageshow" for "http://localhost/addressbook/edit.php"
1547417999397	Marionette	DEBUG	Received DOM event "beforeunload" for "http://localhost/addressbook/edit.php"
1547417999449	Marionette	DEBUG	Received DOM event "pagehide" for "http://localhost/addressbook/edit.php"
1547417999450	Marionette	DEBUG	Received DOM event "unload" for "http://localhost/addressbook/edit.php"
1547417999520	Marionette	DEBUG	Received DOM event "DOMContentLoaded" for "http://localhost/addressbook/"
1547417999559	Marionette	DEBUG	Received DOM event "pageshow" for "http://localhost/addressbook/"
]]></system-err>
</testsuite>
