<?xml version="1.0" encoding="UTF-8"?>
<testsuite name="ru.stqa.pft.addressbook.tests.ContactCreationTests" tests="3" skipped="0" failures="0" errors="0" timestamp="2019-01-13T21:53:48" hostname="ASUS-A55V" time="43.739">
  <properties/>
  <testcase name="testContactCreation[0](ContactData{id=2147483647, firstname='#0 First name AutoGenerated', secondname='#0 Last name AutoGenerated'})" classname="ru.stqa.pft.addressbook.tests.ContactCreationTests" time="10.334"/>
  <testcase name="testContactCreation[1](ContactData{id=2147483647, firstname='#1 First name AutoGenerated', secondname='#1 Last name AutoGenerated'})" classname="ru.stqa.pft.addressbook.tests.ContactCreationTests" time="14.423"/>
  <testcase name="testContactCreation[2](ContactData{id=2147483647, firstname='#2 First name AutoGenerated', secondname='#2 Last name AutoGenerated'})" classname="ru.stqa.pft.addressbook.tests.ContactCreationTests" time="18.981"/>
  <system-out><![CDATA[]]></system-out>
  <system-err><![CDATA[1547416428212	Marionette	DEBUG	Received DOM event "beforeunload" for "http://localhost/addressbook/group.php"
1547416428261	Marionette	DEBUG	Received DOM event "pagehide" for "http://localhost/addressbook/group.php"
1547416428262	Marionette	DEBUG	Received DOM event "unload" for "http://localhost/addressbook/group.php"
1547416428326	Marionette	DEBUG	Received DOM event "DOMContentLoaded" for "http://localhost/addressbook/"
1547416428338	Marionette	DEBUG	Received DOM event "pageshow" for "http://localhost/addressbook/"
1547416431787	Marionette	DEBUG	Received DOM event "beforeunload" for "http://localhost/addressbook/"
1547416431830	Marionette	DEBUG	Received DOM event "pagehide" for "http://localhost/addressbook/"
1547416431831	Marionette	DEBUG	Received DOM event "unload" for "http://localhost/addressbook/"
1547416431883	Marionette	DEBUG	Received DOM event "DOMContentLoaded" for "http://localhost/addressbook/edit.php"
1547416431885	Marionette	DEBUG	Received DOM event "pageshow" for "http://localhost/addressbook/edit.php"
1547416432158	Marionette	DEBUG	Canceled page load listener because no navigation has been detected
1547416432468	Marionette	DEBUG	Canceled page load listener because no navigation has been detected
1547416432839	Marionette	DEBUG	Canceled page load listener because no navigation has been detected
1547416432864	Marionette	DEBUG	Received DOM event "beforeunload" for "http://localhost/addressbook/edit.php"
1547416432924	Marionette	DEBUG	Received DOM event "pagehide" for "http://localhost/addressbook/edit.php"
1547416432925	Marionette	DEBUG	Received DOM event "unload" for "http://localhost/addressbook/edit.php"
1547416432935	Marionette	DEBUG	Received DOM event "DOMContentLoaded" for "http://localhost/addressbook/edit.php"
1547416432958	Marionette	DEBUG	Received DOM event "pageshow" for "http://localhost/addressbook/edit.php"
1547416433031	Marionette	DEBUG	Received DOM event "beforeunload" for "http://localhost/addressbook/edit.php"
1547416433076	Marionette	DEBUG	Received DOM event "pagehide" for "http://localhost/addressbook/edit.php"
1547416433077	Marionette	DEBUG	Received DOM event "unload" for "http://localhost/addressbook/edit.php"
1547416433140	Marionette	DEBUG	Received DOM event "DOMContentLoaded" for "http://localhost/addressbook/"
1547416433152	Marionette	DEBUG	Received DOM event "pageshow" for "http://localhost/addressbook/"
1547416443800	Marionette	DEBUG	Received DOM event "beforeunload" for "http://localhost/addressbook/"
1547416443837	Marionette	DEBUG	Received DOM event "pagehide" for "http://localhost/addressbook/"
1547416443839	Marionette	DEBUG	Received DOM event "unload" for "http://localhost/addressbook/"
1547416443921	Marionette	DEBUG	Received DOM event "DOMContentLoaded" for "http://localhost/addressbook/edit.php"
1547416443924	Marionette	DEBUG	Received DOM event "pageshow" for "http://localhost/addressbook/edit.php"
1547416444212	Marionette	DEBUG	Canceled page load listener because no navigation has been detected
1547416444551	Marionette	DEBUG	Canceled page load listener because no navigation has been detected
1547416444939	Marionette	DEBUG	Canceled page load listener because no navigation has been detected
1547416444969	Marionette	DEBUG	Received DOM event "beforeunload" for "http://localhost/addressbook/edit.php"
1547416445035	Marionette	DEBUG	Received DOM event "pagehide" for "http://localhost/addressbook/edit.php"
1547416445037	Marionette	DEBUG	Received DOM event "unload" for "http://localhost/addressbook/edit.php"
1547416445049	Marionette	DEBUG	Received DOM event "DOMContentLoaded" for "http://localhost/addressbook/edit.php"
1547416445065	Marionette	DEBUG	Received DOM event "pageshow" for "http://localhost/addressbook/edit.php"
1547416445125	Marionette	DEBUG	Received DOM event "beforeunload" for "http://localhost/addressbook/edit.php"
1547416445176	Marionette	DEBUG	Received DOM event "pagehide" for "http://localhost/addressbook/edit.php"
1547416445176	Marionette	DEBUG	Received DOM event "unload" for "http://localhost/addressbook/edit.php"
1547416445248	Marionette	DEBUG	Received DOM event "DOMContentLoaded" for "http://localhost/addressbook/"
1547416445289	Marionette	DEBUG	Received DOM event "pageshow" for "http://localhost/addressbook/"
1547416460202	Marionette	DEBUG	Received DOM event "beforeunload" for "http://localhost/addressbook/"
1547416460237	Marionette	DEBUG	Received DOM event "pagehide" for "http://localhost/addressbook/"
1547416460239	Marionette	DEBUG	Received DOM event "unload" for "http://localhost/addressbook/"
1547416460291	Marionette	DEBUG	Received DOM event "DOMContentLoaded" for "http://localhost/addressbook/edit.php"
1547416460295	Marionette	DEBUG	Received DOM event "pageshow" for "http://localhost/addressbook/edit.php"
1547416460595	Marionette	DEBUG	Canceled page load listener because no navigation has been detected
1547416461078	Marionette	DEBUG	Canceled page load listener because no navigation has been detected
1547416461484	Marionette	DEBUG	Canceled page load listener because no navigation has been detected
1547416461520	Marionette	DEBUG	Received DOM event "beforeunload" for "http://localhost/addressbook/edit.php"
1547416461579	Marionette	DEBUG	Received DOM event "pagehide" for "http://localhost/addressbook/edit.php"
1547416461580	Marionette	DEBUG	Received DOM event "unload" for "http://localhost/addressbook/edit.php"
1547416461592	Marionette	DEBUG	Received DOM event "DOMContentLoaded" for "http://localhost/addressbook/edit.php"
1547416461610	Marionette	DEBUG	Received DOM event "pageshow" for "http://localhost/addressbook/edit.php"
1547416461676	Marionette	DEBUG	Received DOM event "beforeunload" for "http://localhost/addressbook/edit.php"
1547416461727	Marionette	DEBUG	Received DOM event "pagehide" for "http://localhost/addressbook/edit.php"
1547416461727	Marionette	DEBUG	Received DOM event "unload" for "http://localhost/addressbook/edit.php"
1547416461799	Marionette	DEBUG	Received DOM event "DOMContentLoaded" for "http://localhost/addressbook/"
1547416461842	Marionette	DEBUG	Received DOM event "pageshow" for "http://localhost/addressbook/"
]]></system-err>
</testsuite>
